<?xml version="1.0" encoding="UTF-8" ?>
<testsuite tests="3" failures="0" name="br.com.sistemafinanceiro.dao.FornecedorDAOTest" time="0.652" errors="0" skipped="2">
  <properties>
[...]
</properties>
  <testcase classname="br.com.sistemafinanceiro.dao.FornecedorDAOTest" name="salvar" time="0.216"/>
  <testcase classname="br.com.sistemafinanceiro.dao.FornecedorDAOTest" name="buscar" time="0.217">
    <skipped/>
  </testcase>
  <testcase classname="br.com.sistemafinanceiro.dao.FornecedorDAOTest" name="listar" time="0.219">
    <skipped/>
  </testcase>
</testsuite>